#
# A fatal error has been detected by the Java Runtime Environment:
#
#  EXCEPTION_ACCESS_VIOLATION (0xc0000005) at pc=0x0000000008bd7004, pid=16964, tid=0x0000000000002160
#
# JRE version: OpenJDK Runtime Environment (8.0_212-b04) (build 1.8.0_212-release-1586-b04)
# Java VM: OpenJDK 64-Bit Server VM (25.212-b04 mixed mode windows-amd64 compressed oops)
# Problematic frame:
# J 42077 C1 com.google.wireless.android.sdk.stats.GradleBuildMemorySample$Builder.buildPartial()Lcom/google/wireless/android/sdk/stats/GradleBuildMemorySample; (137 bytes) @ 0x0000000008bd7004 [0x0000000008bd6be0+0x424]
#
# Failed to write core dump. Minidumps are not enabled by default on client versions of Windows
#
# If you would like to submit a bug report, please visit:
#   
#

---------------  T H R E A D  ---------------

Current thread (0x00000000201d4800):  JavaThread "Daemon worker Thread 22" [_thread_in_Java, id=8544, stack(0x000000001dfb0000,0x000000001e0b0000)]

siginfo: ExceptionCode=0xc0000005, writing address 0x000000006b5eb9b0

Registers:
RAX=0x00000000e21ab418, RBX=0x00000000e21ab0f0, RCX=0x000000002a390a70, RDX=0x000000000000000c
RSP=0x000000001e0a9eb0, RBP=0x000000001e0aa0f8, RSI=0x0000000000000000, RDI=0x0000000000000000
R8 =0x0000000000000a91, R9 =0x00000000e21ab360, R10=0x00000000a35f38e8, R11=0x0038837199fcb21f
R12=0x0000000000000000, R13=0x00000000e21ab3c0, R14=0x00000000e21ab360, R15=0x00000000201d4800
RIP=0x0000000008bd7004, EFLAGS=0x0000000000010202

Top of Stack: (sp=0x000000001e0a9eb0)
0x000000001e0a9eb0:   000000001e0a9ee8 0000000026827d28
0x000000001e0a9ec0:   0000000000000000 00000000268141c0
0x000000001e0a9ed0:   0000000000000000 000000001e0a9ef0
0x000000001e0a9ee0:   000000001e0a9f30 00000000a0d1a8d8
0x000000001e0a9ef0:   000000001e0a9ef0 0000000026849f28
0x000000001e0a9f00:   00000000a0d1aa78 000000002bb99860
0x000000001e0a9f10:   0000000000000000 00000000e21ab130
0x000000001e0a9f20:   00000000e21ab170 00000000e21ab1a0
0x000000001e0a9f30:   00000000a0004980 0000000000008aa5
0x000000001e0a9f40:   00000000e21ab130 00000000a0d1ab38
0x000000001e0a9f50:   0000000026849d22 00000000622b94bf
0x000000001e0a9f60:   00000000e21ab3c0 00000000e21ab0f0
0x000000001e0a9f70:   0000000026849d70 0000000000000000
0x000000001e0a9f80:   000000001e0aa0f8 0000000008b3bcec
0x000000001e0a9f90:   01d635506f3b321f 00000000e21ab070
0x000000001e0a9fa0:   000000001e0a9fa0 00000000268543b9 

Instructions: (pc=0x0000000008bd7004)
0x0000000008bd6fe4:   7f 2a 3c 00 00 00 00 48 83 81 68 01 00 00 01 48
0x0000000008bd6ff4:   b9 70 0a 39 2a 00 00 00 00 44 8b 81 dc 00 00 00
0x0000000008bd7004:   00 83 c0 08 44 89 81 dc 00 00 00 48 00 00 00 00
0x0000000008bd7014:   00 00 00 00 00 00 00 00 00 00 00 00 00 00 00 00 


Register to memory mapping:

RAX=0x00000000e21ab418 is an oop
com.google.wireless.android.sdk.stats.GradleBuildMemorySample 
 - klass: 'com/google/wireless/android/sdk/stats/GradleBuildMemorySample'
RBX=0x00000000e21ab0f0 is an oop
com.google.wireless.android.sdk.stats.GradleBuildMemorySample$Builder 
 - klass: 'com/google/wireless/android/sdk/stats/GradleBuildMemorySample$Builder'
RCX=0x000000002a390a70 is pointing into metadata
RDX=0x000000000000000c is an unknown value
RSP=0x000000001e0a9eb0 is pointing into the stack for thread: 0x00000000201d4800
RBP=0x000000001e0aa0f8 is pointing into the stack for thread: 0x00000000201d4800
RSI=0x0000000000000000 is an unknown value
RDI=0x0000000000000000 is an unknown value
R8 =0x0000000000000a91 is an unknown value
R9 =0x00000000e21ab360 is an oop
java.util.ArrayList 
 - klass: 'java/util/ArrayList'
R10=0x00000000a35f38e8 is an oop
com.google.protobuf.UnknownFieldSet 
 - klass: 'com/google/protobuf/UnknownFieldSet'
R11=0x0038837199fcb21f is an unknown value
R12=0x0000000000000000 is an unknown value
R13=0x00000000e21ab3c0 is an oop
com.google.wireless.android.sdk.stats.JavaProcessStats 
 - klass: 'com/google/wireless/android/sdk/stats/JavaProcessStats'
R14=0x00000000e21ab360 is an oop
java.util.ArrayList 
 - klass: 'java/util/ArrayList'
R15=0x00000000201d4800 is a thread


Stack: [0x000000001dfb0000,0x000000001e0b0000],  sp=0x000000001e0a9eb0,  free space=999k
Native frames: (J=compiled Java code, j=interpreted, Vv=VM code, C=native code)
C  0x0000000008bd7004


---------------  P R O C E S S  ---------------

Java Threads: ( => current thread )
  0x0000000023432800 JavaThread "pool-96-thread-1" [_thread_blocked, id=24776, stack(0x000000002b220000,0x000000002b320000)]
  0x0000000023432000 JavaThread "Build operations Thread 8" [_thread_blocked, id=16816, stack(0x0000000029920000,0x0000000029a20000)]
  0x0000000023430800 JavaThread "Build operations Thread 7" [_thread_blocked, id=4748, stack(0x0000000029020000,0x0000000029120000)]
  0x000000002342c800 JavaThread "Build operations Thread 6" [_thread_blocked, id=15076, stack(0x0000000026a80000,0x0000000026b80000)]
  0x000000002342f800 JavaThread "Build operations Thread 5" [_thread_blocked, id=24420, stack(0x0000000026180000,0x0000000026280000)]
  0x0000000023429000 JavaThread "Build operations Thread 4" [_thread_blocked, id=21508, stack(0x0000000025e80000,0x0000000025f80000)]
  0x000000002342d800 JavaThread "Build operations Thread 3" [_thread_blocked, id=9880, stack(0x00000000241f0000,0x00000000242f0000)]
  0x0000000023428000 JavaThread "Build operations Thread 2" [_thread_blocked, id=15704, stack(0x0000000022290000,0x0000000022390000)]
  0x000000002342f000 JavaThread "Build operations" [_thread_blocked, id=20712, stack(0x0000000021f90000,0x0000000022090000)]
  0x0000000023429800 JavaThread "Cache worker for cache directory md-rule (C:\Users\garys\.gradle\caches\5.6.4\md-rule)" [_thread_blocked, id=23316, stack(0x0000000021a90000,0x0000000021b90000)]
  0x0000000023427800 JavaThread "Cache worker for cache directory md-supplier (C:\Users\garys\.gradle\caches\5.6.4\md-supplier)" [_thread_blocked, id=6432, stack(0x0000000021990000,0x0000000021a90000)]
  0x000000002342b000 JavaThread "Cache worker for file hash cache (C:\Users\garys\AndroidStudioProjects\BeastMode\.gradle\5.6.4\fileHashes)" [_thread_blocked, id=23348, stack(0x0000000021890000,0x0000000021990000)]
  0x00000000201d1000 JavaThread "Thread-1105" [_thread_blocked, id=9404, stack(0x0000000021590000,0x0000000021690000)]
  0x00000000201d3000 JavaThread "Stdin handler" [_thread_blocked, id=20492, stack(0x0000000020f90000,0x0000000021090000)]
  0x00000000201d0000 JavaThread "Asynchronous log dispatcher for DefaultDaemonConnection: socket connection from /127.0.0.1:61962 to /127.0.0.1:56973" [_thread_blocked, id=21788, stack(0x000000001fec0000,0x000000001ffc0000)]
=>0x00000000201d4800 JavaThread "Daemon worker Thread 22" [_thread_in_Java, id=8544, stack(0x000000001dfb0000,0x000000001e0b0000)]
  0x00000000201c8000 JavaThread "Cancel handler" [_thread_blocked, id=24892, stack(0x000000001c9e0000,0x000000001cae0000)]
  0x00000000201cb000 JavaThread "Handler for socket connection from /127.0.0.1:61962 to /127.0.0.1:56973" [_thread_in_native, id=18564, stack(0x000000001c2e0000,0x000000001c3e0000)]
  0x00000000201ca000 JavaThread "Daemon Thread 22" [_thread_blocked, id=21824, stack(0x000000001c1e0000,0x000000001c2e0000)]
  0x00000000201c5800 JavaThread "RMI TCP Connection(idle)" daemon [_thread_blocked, id=19684, stack(0x00000000007f0000,0x00000000008f0000)]
  0x00000000207d1000 JavaThread "RMI TCP Accept-0" daemon [_thread_in_native, id=9596, stack(0x000000003c170000,0x000000003c270000)]
  0x00000000207c4000 JavaThread "RMI TCP Accept-0" daemon [_thread_in_native, id=13132, stack(0x00000000338c0000,0x00000000339c0000)]
  0x00000000207cf000 JavaThread "Cache worker for Java compile cache (C:\Users\garys\.gradle\caches\5.6.4\javaCompile)" [_thread_blocked, id=25404, stack(0x0000000029820000,0x0000000029920000)]
  0x00000000207d3800 JavaThread "RMI Reaper" [_thread_blocked, id=24428, stack(0x0000000029320000,0x0000000029420000)]
  0x00000000207ce000 JavaThread "RMI TCP Accept-0" daemon [_thread_in_native, id=24868, stack(0x0000000029220000,0x0000000029320000)]
  0x00000000207c6800 JavaThread "GC Daemon" daemon [_thread_blocked, id=19420, stack(0x0000000029120000,0x0000000029220000)]
  0x00000000207cc800 JavaThread "RMI Scheduler(0)" daemon [_thread_blocked, id=24832, stack(0x0000000028f20000,0x0000000029020000)]
  0x000000001e612800 JavaThread "Cache worker for file content cache (C:\Users\garys\.gradle\caches\5.6.4\fileContent)" [_thread_blocked, id=20360, stack(0x0000000023cb0000,0x0000000023db0000)]
  0x000000001e611000 JavaThread "Memory manager" [_thread_blocked, id=24368, stack(0x0000000022b90000,0x0000000022c90000)]
  0x000000001e60d000 JavaThread "Cache worker for execution history cache (C:\Users\garys\.gradle\caches\5.6.4\executionHistory)" [_thread_blocked, id=2212, stack(0x0000000021090000,0x0000000021190000)]
  0x000000001ae37800 JavaThread "Cache worker for journal cache (C:\Users\garys\.gradle\caches\journal-1)" [_thread_blocked, id=18376, stack(0x000000001cee0000,0x000000001cfe0000)]
  0x000000001ae39000 JavaThread "File lock request listener" [_thread_in_native, id=25044, stack(0x000000001cde0000,0x000000001cee0000)]
  0x000000001acdd800 JavaThread "Cache worker for file hash cache (C:\Users\garys\.gradle\caches\5.6.4\fileHashes)" [_thread_blocked, id=22396, stack(0x000000001cce0000,0x000000001cde0000)]
  0x000000001ac22800 JavaThread "Daemon periodic checks" [_thread_blocked, id=22924, stack(0x000000001c0e0000,0x000000001c1e0000)]
  0x000000001abc8000 JavaThread "Incoming local TCP Connector on port 61962" [_thread_in_native, id=23852, stack(0x000000001bea0000,0x000000001bfa0000)]
  0x000000001aace800 JavaThread "Daemon health stats" [_thread_blocked, id=16124, stack(0x000000001b860000,0x000000001b960000)]
  0x000000001827e800 JavaThread "Service Thread" daemon [_thread_blocked, id=16868, stack(0x0000000018ec0000,0x0000000018fc0000)]
  0x00000000181fc000 JavaThread "C1 CompilerThread3" daemon [_thread_blocked, id=16020, stack(0x0000000018dc0000,0x0000000018ec0000)]
  0x00000000181f5000 JavaThread "C2 CompilerThread2" daemon [_thread_blocked, id=20352, stack(0x0000000018cc0000,0x0000000018dc0000)]
  0x00000000181ef000 JavaThread "C2 CompilerThread1" daemon [_thread_blocked, id=23312, stack(0x0000000018bc0000,0x0000000018cc0000)]
  0x00000000181e8000 JavaThread "C2 CompilerThread0" daemon [_thread_blocked, id=22684, stack(0x0000000018ac0000,0x0000000018bc0000)]
  0x00000000181e7000 JavaThread "Attach Listener" daemon [_thread_blocked, id=17224, stack(0x00000000189c0000,0x0000000018ac0000)]
  0x00000000181e4000 JavaThread "Signal Dispatcher" daemon [_thread_blocked, id=23512, stack(0x00000000188c0000,0x00000000189c0000)]
  0x00000000181e1000 JavaThread "Finalizer" daemon [_thread_blocked, id=16596, stack(0x00000000186c0000,0x00000000187c0000)]
  0x0000000002547800 JavaThread "Reference Handler" daemon [_thread_blocked, id=24640, stack(0x00000000185c0000,0x00000000186c0000)]
  0x000000000261e000 JavaThread "main" [_thread_blocked, id=2988, stack(0x0000000002320000,0x0000000002420000)]

Other Threads:
  0x00000000163d6800 VMThread [stack: 0x00000000180c0000,0x00000000181c0000] [id=14648]
  0x000000001827f800 WatcherThread [stack: 0x0000000018fc0000,0x00000000190c0000] [id=22576]

VM state:not at safepoint (normal execution)

VM Mutex/Monitor currently owned by a thread: None

heap address: 0x00000000a0000000, size: 1536 MB, Compressed Oops mode: 32-bit
Narrow klass base: 0x0000000000000000, Narrow klass shift: 3
Compressed class space size: 1073741824 Address: 0x0000000100000000

Heap:
 PSYoungGen      total 486912K, used 34786K [0x00000000e0000000, 0x00000000ffd80000, 0x0000000100000000)
  eden space 453632K, 7% used [0x00000000e0000000,0x00000000e21f89f8,0x00000000fbb00000)
  from space 33280K, 0% used [0x00000000fdc00000,0x00000000fdc00000,0x00000000ffc80000)
  to   space 33792K, 0% used [0x00000000fbb00000,0x00000000fbb00000,0x00000000fdc00000)
 ParOldGen       total 256512K, used 78085K [0x00000000a0000000, 0x00000000afa80000, 0x00000000e0000000)
  object space 256512K, 30% used [0x00000000a0000000,0x00000000a4c415d0,0x00000000afa80000)
 Metaspace       used 175174K, capacity 186498K, committed 190464K, reserved 1214464K
  class space    used 22502K, capacity 24329K, committed 25088K, reserved 1048576K

Card table byte_map: [0x00000000119e0000,0x0000000011cf0000] byte_map_base: 0x00000000114e0000

Marking Bits: (ParMarkBitMap*) 0x0000000062819f30
 Begin Bits: [0x00000000126f0000, 0x0000000013ef0000)
 End Bits:   [0x0000000013ef0000, 0x00000000156f0000)

Polling page: 0x0000000002430000

CodeCache: size=245760Kb used=114087Kb max_used=122177Kb free=131672Kb
 bounds [0x0000000002620000, 0x0000000009e20000, 0x0000000011620000]
 total_blobs=34618 nmethods=33650 adapters=879
 compilation: enabled

Compilation events (10 events):
Event: 11063.712 Thread 0x00000000181f5000 44992   !   4       com.google.common.collect.MapMakerInternalMap$Segment::reclaimKey (137 bytes)
Event: 11063.731 Thread 0x00000000181ef000 44993       4       org.codehaus.groovy.runtime.GroovyCategorySupport$MyThreadLocal::getInfoNullable (24 bytes)
Event: 11063.733 Thread 0x00000000181f5000 nmethod 44992 0x00000000049ed950 code [0x00000000049edb80, 0x00000000049ee720]
Event: 11063.733 Thread 0x00000000181fc000 44994       3       org.codehaus.groovy.runtime.callsite.AbstractCallSite::callGetProperty (12 bytes)
Event: 11063.734 Thread 0x00000000181fc000 nmethod 44994 0x0000000003e921d0 code [0x0000000003e92340, 0x0000000003e92618]
Event: 11063.736 Thread 0x00000000181fc000 44995   !   3       sun.reflect.GeneratedMethodAccessor54::invoke (76 bytes)
Event: 11063.738 Thread 0x00000000181fc000 nmethod 44995 0x0000000005907dd0 code [0x0000000005907fc0, 0x00000000059088d8]
Event: 11063.740 Thread 0x00000000181e8000 44996   !   4       sun.net.www.ParseUtil::decode (316 bytes)
Event: 11063.746 Thread 0x00000000181ef000 nmethod 44993 0x00000000071a57d0 code [0x00000000071a59a0, 0x00000000071a6270]
Event: 11063.750 Thread 0x00000000181fc000 44997       3       com.google.common.cache.LocalCache$Segment::<init> (163 bytes)

GC Heap History (10 events):
Event: 5832.397 GC heap before
{Heap before GC invocations=90 (full 9):
 PSYoungGen      total 488448K, used 459766K [0x00000000e0000000, 0x0000000100000000, 0x0000000100000000)
  eden space 451584K, 100% used [0x00000000e0000000,0x00000000fb900000,0x00000000fb900000)
  from space 36864K, 22% used [0x00000000fdc00000,0x00000000fe3fd960,0x0000000100000000)
  to   space 35840K, 0% used [0x00000000fb900000,0x00000000fb900000,0x00000000fdc00000)
 ParOldGen       total 256512K, used 116308K [0x00000000a0000000, 0x00000000afa80000, 0x00000000e0000000)
  object space 256512K, 45% used [0x00000000a0000000,0x00000000a7195288,0x00000000afa80000)
 Metaspace       used 173299K, capacity 184250K, committed 187904K, reserved 1212416K
  class space    used 22303K, capacity 24089K, committed 24832K, reserved 1048576K
Event: 5832.422 GC heap after
Heap after GC invocations=90 (full 9):
 PSYoungGen      total 467968K, used 16260K [0x00000000e0000000, 0x00000000ffd00000, 0x0000000100000000)
  eden space 451584K, 0% used [0x00000000e0000000,0x00000000e0000000,0x00000000fb900000)
  from space 16384K, 99% used [0x00000000fb900000,0x00000000fc8e10b8,0x00000000fc900000)
  to   space 34816K, 0% used [0x00000000fdb00000,0x00000000fdb00000,0x00000000ffd00000)
 ParOldGen       total 256512K, used 116404K [0x00000000a0000000, 0x00000000afa80000, 0x00000000e0000000)
  object space 256512K, 45% used [0x00000000a0000000,0x00000000a71ad288,0x00000000afa80000)
 Metaspace       used 173299K, capacity 184250K, committed 187904K, reserved 1212416K
  class space    used 22303K, capacity 24089K, committed 24832K, reserved 1048576K
}
Event: 6887.640 GC heap before
{Heap before GC invocations=91 (full 9):
 PSYoungGen      total 467968K, used 467844K [0x00000000e0000000, 0x00000000ffd00000, 0x0000000100000000)
  eden space 451584K, 100% used [0x00000000e0000000,0x00000000fb900000,0x00000000fb900000)
  from space 16384K, 99% used [0x00000000fb900000,0x00000000fc8e10b8,0x00000000fc900000)
  to   space 34816K, 0% used [0x00000000fdb00000,0x00000000fdb00000,0x00000000ffd00000)
 ParOldGen       total 256512K, used 116404K [0x00000000a0000000, 0x00000000afa80000, 0x00000000e0000000)
  object space 256512K, 45% used [0x00000000a0000000,0x00000000a71ad288,0x00000000afa80000)
 Metaspace       used 175972K, capacity 187282K, committed 190208K, reserved 1214464K
  class space    used 22653K, capacity 24538K, committed 25088K, reserved 1048576K
Event: 6887.902 GC heap after
Heap after GC invocations=91 (full 9):
 PSYoungGen      total 485888K, used 21346K [0x00000000e0000000, 0x0000000100000000, 0x0000000100000000)
  eden space 451072K, 0% used [0x00000000e0000000,0x00000000e0000000,0x00000000fb880000)
  from space 34816K, 61% used [0x00000000fdb00000,0x00000000fefd89f8,0x00000000ffd00000)
  to   space 35328K, 0% used [0x00000000fb880000,0x00000000fb880000,0x00000000fdb00000)
 ParOldGen       total 256512K, used 123384K [0x00000000a0000000, 0x00000000afa80000, 0x00000000e0000000)
  object space 256512K, 48% used [0x00000000a0000000,0x00000000a787e1d8,0x00000000afa80000)
 Metaspace       used 175972K, capacity 187282K, committed 190208K, reserved 1214464K
  class space    used 22653K, capacity 24538K, committed 25088K, reserved 1048576K
}
Event: 7496.597 GC heap before
{Heap before GC invocations=92 (full 9):
 PSYoungGen      total 485888K, used 472418K [0x00000000e0000000, 0x0000000100000000, 0x0000000100000000)
  eden space 451072K, 100% used [0x00000000e0000000,0x00000000fb880000,0x00000000fb880000)
  from space 34816K, 61% used [0x00000000fdb00000,0x00000000fefd89f8,0x00000000ffd00000)
  to   space 35328K, 0% used [0x00000000fb880000,0x00000000fb880000,0x00000000fdb00000)
 ParOldGen       total 256512K, used 123384K [0x00000000a0000000, 0x00000000afa80000, 0x00000000e0000000)
  object space 256512K, 48% used [0x00000000a0000000,0x00000000a787e1d8,0x00000000afa80000)
 Metaspace       used 176720K, capacity 188536K, committed 190208K, reserved 1214464K
  class space    used 22760K, capacity 24735K, committed 25088K, reserved 1048576K
Event: 7496.642 GC heap after
Heap after GC invocations=92 (full 9):
 PSYoungGen      total 486400K, used 13554K [0x00000000e0000000, 0x00000000ffc80000, 0x0000000100000000)
  eden space 451072K, 0% used [0x00000000e0000000,0x00000000e0000000,0x00000000fb880000)
  from space 35328K, 38% used [0x00000000fb880000,0x00000000fc5bca70,0x00000000fdb00000)
  to   space 33280K, 0% used [0x00000000fdc00000,0x00000000fdc00000,0x00000000ffc80000)
 ParOldGen       total 256512K, used 127146K [0x00000000a0000000, 0x00000000afa80000, 0x00000000e0000000)
  object space 256512K, 49% used [0x00000000a0000000,0x00000000a7c2ab50,0x00000000afa80000)
 Metaspace       used 176720K, capacity 188536K, committed 190208K, reserved 1214464K
  class space    used 22760K, capacity 24735K, committed 25088K, reserved 1048576K
}
Event: 8740.408 GC heap before
{Heap before GC invocations=93 (full 9):
 PSYoungGen      total 486400K, used 425876K [0x00000000e0000000, 0x00000000ffc80000, 0x0000000100000000)
  eden space 451072K, 91% used [0x00000000e0000000,0x00000000f92a8760,0x00000000fb880000)
  from space 35328K, 38% used [0x00000000fb880000,0x00000000fc5bca70,0x00000000fdb00000)
  to   space 33280K, 0% used [0x00000000fdc00000,0x00000000fdc00000,0x00000000ffc80000)
 ParOldGen       total 256512K, used 127146K [0x00000000a0000000, 0x00000000afa80000, 0x00000000e0000000)
  object space 256512K, 49% used [0x00000000a0000000,0x00000000a7c2ab50,0x00000000afa80000)
 Metaspace       used 176941K, capacity 188930K, committed 190464K, reserved 1214464K
  class space    used 22762K, capacity 24736K, committed 25088K, reserved 1048576K
Event: 8740.460 GC heap after
Heap after GC invocations=93 (full 9):
 PSYoungGen      total 486912K, used 2660K [0x00000000e0000000, 0x00000000ffd80000, 0x0000000100000000)
  eden space 453632K, 0% used [0x00000000e0000000,0x00000000e0000000,0x00000000fbb00000)
  from space 33280K, 7% used [0x00000000fdc00000,0x00000000fde99268,0x00000000ffc80000)
  to   space 33792K, 0% used [0x00000000fbb00000,0x00000000fbb00000,0x00000000fdc00000)
 ParOldGen       total 256512K, used 127466K [0x00000000a0000000, 0x00000000afa80000, 0x00000000e0000000)
  object space 256512K, 49% used [0x00000000a0000000,0x00000000a7c7ab50,0x00000000afa80000)
 Metaspace       used 176941K, capacity 188930K, committed 190464K, reserved 1214464K
  class space    used 22762K, capacity 24736K, committed 25088K, reserved 1048576K
}
Event: 8740.460 GC heap before
{Heap before GC invocations=94 (full 10):
 PSYoungGen      total 486912K, used 2660K [0x00000000e0000000, 0x00000000ffd80000, 0x0000000100000000)
  eden space 453632K, 0% used [0x00000000e0000000,0x00000000e0000000,0x00000000fbb00000)
  from space 33280K, 7% used [0x00000000fdc00000,0x00000000fde99268,0x00000000ffc80000)
  to   space 33792K, 0% used [0x00000000fbb00000,0x00000000fbb00000,0x00000000fdc00000)
 ParOldGen       total 256512K, used 127466K [0x00000000a0000000, 0x00000000afa80000, 0x00000000e0000000)
  object space 256512K, 49% used [0x00000000a0000000,0x00000000a7c7ab50,0x00000000afa80000)
 Metaspace       used 176941K, capacity 188930K, committed 190464K, reserved 1214464K
  class space    used 22762K, capacity 24736K, committed 25088K, reserved 1048576K
Event: 8741.512 GC heap after
Heap after GC invocations=94 (full 10):
 PSYoungGen      total 486912K, used 0K [0x00000000e0000000, 0x00000000ffd80000, 0x0000000100000000)
  eden space 453632K, 0% used [0x00000000e0000000,0x00000000e0000000,0x00000000fbb00000)
  from space 33280K, 0% used [0x00000000fdc00000,0x00000000fdc00000,0x00000000ffc80000)
  to   space 33792K, 0% used [0x00000000fbb00000,0x00000000fbb00000,0x00000000fdc00000)
 ParOldGen       total 256512K, used 78085K [0x00000000a0000000, 0x00000000afa80000, 0x00000000e0000000)
  object space 256512K, 30% used [0x00000000a0000000,0x00000000a4c415d0,0x00000000afa80000)
 Metaspace       used 175149K, capacity 186498K, committed 190464K, reserved 1214464K
  class space    used 22501K, capacity 24329K, committed 25088K, reserved 1048576K
}

Deoptimization events (10 events):
Event: 7627.096 Thread 0x000000001e94c800 Uncommon trap: reason=class_check action=maybe_recompile pc=0x00000000050a6d98 method=org.gradle.api.internal.tasks.PublicTaskSpecification.isSatisfiedBy(Ljava/lang/Object;)Z @ 2
Event: 7627.097 Thread 0x000000001e94c800 Uncommon trap: reason=class_check action=maybe_recompile pc=0x00000000050a6d98 method=org.gradle.api.internal.tasks.PublicTaskSpecification.isSatisfiedBy(Ljava/lang/Object;)Z @ 2
Event: 8240.076 Thread 0x00000000207cc800 Uncommon trap: reason=null_check action=make_not_entrant pc=0x000000000739734c method=java.util.logging.Logger$LoggerBundle.isSystemBundle()Z @ 6
Event: 8741.521 Thread 0x000000001e946000 Uncommon trap: reason=class_check action=maybe_recompile pc=0x0000000002bb37e4 method=java.util.WeakHashMap.eq(Ljava/lang/Object;Ljava/lang/Object;)Z @ 7
Event: 8741.525 Thread 0x000000001e946000 Uncommon trap: reason=unstable_if action=reinterpret pc=0x0000000006b07b24 method=java.io.ObjectStreamClass.processQueue(Ljava/lang/ref/ReferenceQueue;Ljava/util/concurrent/ConcurrentMap;)V @ 6
Event: 8741.525 Thread 0x000000001e950800 Uncommon trap: reason=unstable_if action=reinterpret pc=0x0000000006b07b24 method=java.io.ObjectStreamClass.processQueue(Ljava/lang/ref/ReferenceQueue;Ljava/util/concurrent/ConcurrentMap;)V @ 6
Event: 8932.416 Thread 0x00000000201c5800 Uncommon trap: reason=unstable_if action=reinterpret pc=0x0000000009da1470 method=java.io.ObjectStreamClass.processQueue(Ljava/lang/ref/ReferenceQueue;Ljava/util/concurrent/ConcurrentMap;)V @ 6
Event: 11063.498 Thread 0x00000000201d4800 Uncommon trap: reason=unstable_if action=reinterpret pc=0x0000000007f3cf70 method=java.lang.reflect.WeakCache.expungeStaleEntries()V @ 12
Event: 11063.658 Thread 0x00000000201d4800 Uncommon trap: reason=class_check action=maybe_recompile pc=0x0000000008125fe4 method=org.gradle.api.internal.artifacts.ivyservice.resolveengine.result.ComponentIdentifierSerializer.resolveImplementation(Lorg/gradle/api/artifacts/component/ComponentIdenti
Event: 11063.682 Thread 0x0000000023430800 Uncommon trap: reason=unstable_if action=reinterpret pc=0x00000000063fb648 method=java.util.concurrent.locks.AbstractQueuedSynchronizer.transferForSignal(Ljava/util/concurrent/locks/AbstractQueuedSynchronizer$Node;)Z @ 33

Classes redefined (0 events):
No events

Internal exceptions (10 events):
Event: 7712.419 Thread 0x00000000207ca800 Exception <a 'sun/nio/fs/WindowsException'> (0x00000000f0ce5bd0) thrown at [D:\src\AOSP-openjdk-cygwin\jdk8u\hotspot\src\share\vm\prims\jni.cpp, line 710]
Event: 7731.997 Thread 0x00000000207ca800 Exception <a 'sun/nio/fs/WindowsException'> (0x00000000f1b00090) thrown at [D:\src\AOSP-openjdk-cygwin\jdk8u\hotspot\src\share\vm\prims\jni.cpp, line 710]
Event: 7732.381 Thread 0x000000001e950800 Exception <a 'java/lang/InterruptedException'> (0x00000000f5911348) thrown at [D:\src\AOSP-openjdk-cygwin\jdk8u\hotspot\src\share\vm\runtime\objectMonitor.cpp, line 1680]
Event: 7733.012 Thread 0x000000001e94c800 Exception <a 'sun/nio/fs/WindowsException'> (0x00000000f6baaf60) thrown at [D:\src\AOSP-openjdk-cygwin\jdk8u\hotspot\src\share\vm\prims\jni.cpp, line 710]
Event: 7733.015 Thread 0x000000001e94c800 Exception <a 'sun/nio/fs/WindowsException'> (0x00000000f6cb5370) thrown at [D:\src\AOSP-openjdk-cygwin\jdk8u\hotspot\src\share\vm\prims\jni.cpp, line 710]
Event: 7733.039 Thread 0x000000001e94d800 Exception <a 'sun/nio/fs/WindowsException'> (0x00000000f71fbea8) thrown at [D:\src\AOSP-openjdk-cygwin\jdk8u\hotspot\src\share\vm\prims\jni.cpp, line 710]
Event: 7733.106 Thread 0x000000001e60b000 Exception <a 'sun/nio/fs/WindowsException'> (0x00000000f829bb08) thrown at [D:\src\AOSP-openjdk-cygwin\jdk8u\hotspot\src\share\vm\prims\jni.cpp, line 710]
Event: 7733.188 Thread 0x00000000207ca800 Exception <a 'sun/nio/fs/WindowsException'> (0x00000000f891ea00) thrown at [D:\src\AOSP-openjdk-cygwin\jdk8u\hotspot\src\share\vm\prims\jni.cpp, line 710]
Event: 8240.066 Thread 0x00000000207cc800 Implicit null exception at 0x0000000007394110 to 0x0000000007397331
Event: 11063.749 Thread 0x00000000201d4800 Exception <a 'sun/nio/fs/WindowsException'> (0x00000000e21a8738) thrown at [D:\src\AOSP-openjdk-cygwin\jdk8u\hotspot\src\share\vm\prims\jni.cpp, line 710]

Events (10 events):
Event: 11063.667 Thread 0x0000000023430800 Thread added: 0x0000000023430800
Event: 11063.667 Thread 0x0000000023432000 Thread added: 0x0000000023432000
Event: 11063.667 Executing VM operation: RevokeBias
Event: 11063.669 Executing VM operation: RevokeBias done
Event: 11063.682 Thread 0x0000000023430800 Uncommon trap: trap_request=0xffffff65 fr.pc=0x00000000063fb648
Event: 11063.682 Thread 0x0000000023430800 DEOPT PACKING pc=0x00000000063fb648 sp=0x000000002911ec60
Event: 11063.683 Thread 0x0000000023430800 DEOPT UNPACKING pc=0x000000000266557b sp=0x000000002911ea88 mode 2
Event: 11063.718 loading class org/codehaus/groovy/runtime/GroovyCategorySupport$ThreadCategoryInfo
Event: 11063.718 loading class org/codehaus/groovy/runtime/GroovyCategorySupport$ThreadCategoryInfo done
Event: 11063.750 Thread 0x0000000023432800 Thread added: 0x0000000023432800


Dynamic libraries:
0x00007ff695600000 - 0x00007ff695631000 	C:\Program Files\Android\Android Studio\jre\bin\java.exe
0x00007ffc26220000 - 0x00007ffc26410000 	C:\windows\SYSTEM32\ntdll.dll
0x00007ffc25020000 - 0x00007ffc250d2000 	C:\windows\System32\KERNEL32.DLL
0x00007ffc231b0000 - 0x00007ffc23454000 	C:\windows\System32\KERNELBASE.dll
0x00007ffc244c0000 - 0x00007ffc24563000 	C:\windows\System32\ADVAPI32.dll
0x00007ffc252d0000 - 0x00007ffc2536e000 	C:\windows\System32\msvcrt.dll
0x00007ffc25e00000 - 0x00007ffc25e97000 	C:\windows\System32\sechost.dll
0x00007ffc242d0000 - 0x00007ffc243f0000 	C:\windows\System32\RPCRT4.dll
0x00007ffc25eb0000 - 0x00007ffc26044000 	C:\windows\System32\USER32.dll
0x00007ffc24280000 - 0x00007ffc242a1000 	C:\windows\System32\win32u.dll
0x00007ffc25c60000 - 0x00007ffc25c86000 	C:\windows\System32\GDI32.dll
0x00007ffc23710000 - 0x00007ffc238a4000 	C:\windows\System32\gdi32full.dll
0x00007ffc238b0000 - 0x00007ffc2394e000 	C:\windows\System32\msvcp_win.dll
0x00007ffc240d0000 - 0x00007ffc241ca000 	C:\windows\System32\ucrtbase.dll
0x00007ffc225f0000 - 0x00007ffc22874000 	C:\windows\WinSxS\amd64_microsoft.windows.common-controls_6595b64144ccf1df_6.0.18362.836_none_e6c4b943130f18ed\COMCTL32.dll
0x00007ffc24c60000 - 0x00007ffc24f96000 	C:\windows\System32\combase.dll
0x00007ffc23540000 - 0x00007ffc235c0000 	C:\windows\System32\bcryptPrimitives.dll
0x00007ffc25850000 - 0x00007ffc2587e000 	C:\windows\System32\IMM32.DLL
0x0000000064b40000 - 0x0000000064c12000 	C:\Program Files\Android\Android Studio\jre\jre\bin\msvcr100.dll
0x0000000062050000 - 0x0000000062896000 	C:\Program Files\Android\Android Studio\jre\jre\bin\server\jvm.dll
0x00007ffc25880000 - 0x00007ffc25888000 	C:\windows\System32\PSAPI.DLL
0x00007ffc1a120000 - 0x00007ffc1a12a000 	C:\windows\SYSTEM32\VERSION.dll
0x00007ffc06380000 - 0x00007ffc06389000 	C:\windows\SYSTEM32\WSOCK32.dll
0x00007ffc1fee0000 - 0x00007ffc1ff04000 	C:\windows\SYSTEM32\WINMM.dll
0x00007ffc25bf0000 - 0x00007ffc25c5f000 	C:\windows\System32\WS2_32.dll
0x00007ffc1feb0000 - 0x00007ffc1fedd000 	C:\windows\SYSTEM32\winmmbase.dll
0x00007ffc23490000 - 0x00007ffc234da000 	C:\windows\System32\cfgmgr32.dll
0x00007ffc1ed30000 - 0x00007ffc1ed3f000 	C:\Program Files\Android\Android Studio\jre\jre\bin\verify.dll
0x00007ffc16610000 - 0x00007ffc16639000 	C:\Program Files\Android\Android Studio\jre\jre\bin\java.dll
0x00007ffc1ecd0000 - 0x00007ffc1ece6000 	C:\Program Files\Android\Android Studio\jre\jre\bin\zip.dll
0x00007ffc24570000 - 0x00007ffc24c54000 	C:\windows\System32\SHELL32.dll
0x00007ffc26130000 - 0x00007ffc261d9000 	C:\windows\System32\shcore.dll
0x00007ffc23950000 - 0x00007ffc240ce000 	C:\windows\System32\windows.storage.dll
0x00007ffc23180000 - 0x00007ffc231a3000 	C:\windows\System32\profapi.dll
0x00007ffc23130000 - 0x00007ffc2317a000 	C:\windows\System32\powrprof.dll
0x00007ffc230e0000 - 0x00007ffc230f0000 	C:\windows\System32\UMPDC.dll
0x00007ffc25a40000 - 0x00007ffc25a92000 	C:\windows\System32\shlwapi.dll
0x00007ffc23110000 - 0x00007ffc23121000 	C:\windows\System32\kernel.appcore.dll
0x00007ffc242b0000 - 0x00007ffc242c7000 	C:\windows\System32\cryptsp.dll
0x00007ffc1eca0000 - 0x00007ffc1ecba000 	C:\Program Files\Android\Android Studio\jre\jre\bin\net.dll
0x00007ffc0c060000 - 0x00007ffc0c236000 	C:\windows\SYSTEM32\urlmon.dll
0x00007ffc0f2c0000 - 0x00007ffc0f566000 	C:\windows\SYSTEM32\iertutil.dll
0x00007ffc224a0000 - 0x00007ffc224ac000 	C:\windows\SYSTEM32\CRYPTBASE.DLL
0x00007ffc222d0000 - 0x00007ffc22337000 	C:\windows\system32\mswsock.dll
0x00007ffc1ec70000 - 0x00007ffc1ec83000 	C:\Program Files\Android\Android Studio\jre\jre\bin\nio.dll
0x00007ffc16660000 - 0x00007ffc16686000 	C:\Users\garys\.gradle\native\30\windows-amd64\native-platform.dll
0x00007ffc1ed10000 - 0x00007ffc1ed1d000 	C:\Program Files\Android\Android Studio\jre\jre\bin\management.dll
0x00007ffc21e40000 - 0x00007ffc21e73000 	C:\windows\system32\rsaenh.dll
0x00007ffc23460000 - 0x00007ffc23486000 	C:\windows\System32\bcrypt.dll
0x00007ffc22fd0000 - 0x00007ffc22ff5000 	C:\windows\SYSTEM32\USERENV.dll
0x00007ffc21fe0000 - 0x00007ffc2201a000 	C:\windows\SYSTEM32\IPHLPAPI.DLL
0x00007ffc25df0000 - 0x00007ffc25df8000 	C:\windows\System32\NSI.dll
0x00007ffc181b0000 - 0x00007ffc181c6000 	C:\windows\SYSTEM32\dhcpcsvc6.DLL
0x00007ffc18e40000 - 0x00007ffc18e5c000 	C:\windows\SYSTEM32\dhcpcsvc.DLL
0x00007ffc22020000 - 0x00007ffc220eb000 	C:\windows\SYSTEM32\DNSAPI.dll
0x00007ffc09a70000 - 0x00007ffc09a8e000 	C:\Users\garys\AppData\Local\Temp\native-platform4318251479460088255dir\native-platform.dll
0x00007ffc16510000 - 0x00007ffc16534000 	C:\Program Files\Android\Android Studio\jre\jre\bin\sunec.dll
0x00007ffc19500000 - 0x00007ffc1950a000 	C:\Windows\System32\rasadhlp.dll
0x00007ffc169b0000 - 0x00007ffc16a27000 	C:\windows\System32\fwpuclnt.dll
0x00007ffc0f2b0000 - 0x00007ffc0f2bb000 	C:\Program Files\Android\Android Studio\jre\jre\bin\sunmscapi.dll
0x00007ffc235c0000 - 0x00007ffc23709000 	C:\windows\System32\CRYPT32.dll
0x00007ffc230f0000 - 0x00007ffc23102000 	C:\windows\System32\MSASN1.dll
0x00007ffc22b40000 - 0x00007ffc22b71000 	C:\windows\SYSTEM32\ntmarta.dll
0x00007ffc22c00000 - 0x00007ffc22df4000 	C:\windows\SYSTEM32\dbghelp.dll

VM Arguments:
jvm_args: -Xmx1536m -Dfile.encoding=windows-1252 -Duser.country=CA -Duser.language=en -Duser.variant 
java_command: org.gradle.launcher.daemon.bootstrap.GradleDaemon 5.6.4
java_class_path (initial): C:\Users\garys\.gradle\wrapper\dists\gradle-5.6.4-all\ankdp27end7byghfw1q2sw75f\gradle-5.6.4\lib\gradle-launcher-5.6.4.jar
Launcher Type: SUN_STANDARD

Environment Variables:
PATH=C:\Program Files (x86)\Common Files\Oracle\Java\javapath;C:\windows\system32;C:\windows;C:\windows\System32\Wbem;C:\windows\System32\WindowsPowerShell\v1.0\;C:\windows\System32\OpenSSH\;C:\Program Files (x86)\NVIDIA Corporation\PhysX\Common;C:\Program Files\NVIDIA Corporation\NVIDIA NvDLISR;C:\Program Files\Git\cmd;C:\Users\garys\AppData\Local\Microsoft\WindowsApps;
USERNAME=garys
OS=Windows_NT
PROCESSOR_IDENTIFIER=AMD64 Family 23 Model 24 Stepping 1, AuthenticAMD



---------------  S Y S T E M  ---------------

OS: Windows 10.0 , 64 bit Build 18362 (10.0.18362.778)

CPU:total 8 (initial active 8) (8 cores per cpu, 1 threads per core) family 23 model 24 stepping 1, cmov, cx8, fxsr, mmx, sse, sse2, sse3, ssse3, sse4.1, sse4.2, popcnt, avx, avx2, aes, clmul, mmxext, 3dnowpref, lzcnt, sse4a, tsc, tscinvbit, tscinv, bmi1

Memory: 4k page, physical 6206592k(1255712k free), swap 17215132k(5260856k free)

vm_info: OpenJDK 64-Bit Server VM (25.212-b04) for windows-amd64 JRE (1.8.0_212-release-1586-b04), built by "builder" with MS VC++ 10.0 (VS2010)

time: Thu May 28 20:31:03 2020
timezone: Eastern Daylight Time
elapsed time: 11063 seconds (0d 3h 4m 23s)

